<?xml version="1.0" encoding="UTF-8"?>
<!-- Generated by org.testng.reporters.JUnitXMLReporter -->
<testsuite ignored="0" hostname="NTBK637000" failures="0" tests="36" name="Test" time="3.42" errors="0" timestamp="2024-12-28T11:42:49 IST">
  <testcase classname="global_logistic.Homepage" name="@BeforeTest navigate" time="0.457">
    <failure type="java.lang.Error" message="Unresolved compilation problem: 
	Duration cannot be resolved
">
      <![CDATA[java.lang.Error: Unresolved compilation problem: 
Duration cannot be resolved

at global_logistic.Homepage.navigate(Homepage.java:20)
... Removed 22 stack frames]]>
    </failure>
  </testcase> <!-- @BeforeTest navigate -->
  <testcase classname="global_logistic.globalistic_home" name="@BeforeTest navigate" time="0.0">
    <skipped/>
  </testcase> <!-- @BeforeTest navigate -->
  <testcase classname="global_logistic.globalistic_service" name="navigate" time="0.0">
    <skipped/>
  </testcase> <!-- navigate -->
  <testcase classname="global_logistic.globalistic_service" name="img1" time="0.004">
    <skipped/>
  </testcase> <!-- img1 -->
  <testcase classname="global_logistic.globalistic_service" name="img2" time="0.0">
    <skipped/>
  </testcase> <!-- img2 -->
  <testcase classname="global_logistic.globalistic_service" name="img3" time="0.0">
    <skipped/>
  </testcase> <!-- img3 -->
  <testcase classname="global_logistic.globalistic_service" name="img4" time="0.0">
    <skipped/>
  </testcase> <!-- img4 -->
  <testcase classname="global_logistic.globalistic_service" name="img5" time="0.0">
    <skipped/>
  </testcase> <!-- img5 -->
  <testcase classname="global_logistic.globalistic_service" name="img6" time="0.0">
    <skipped/>
  </testcase> <!-- img6 -->
  <testcase classname="global_logistic.globalistic_service" name="img7" time="0.0">
    <skipped/>
  </testcase> <!-- img7 -->
  <testcase classname="global_logistic.globalistic_service" name="img8" time="0.0">
    <skipped/>
  </testcase> <!-- img8 -->
  <testcase classname="global_logistic.globalistic_service" name="img9" time="0.0">
    <skipped/>
  </testcase> <!-- img9 -->
  <testcase classname="global_logistic.globalistuc_about" name="navigate" time="0.0">
    <skipped/>
  </testcase> <!-- navigate -->
  <testcase classname="global_logistic.globalistuc_about" name="about" time="0.0">
    <skipped/>
  </testcase> <!-- about -->
  <testcase classname="global_logistic.globalistuc_about" name="pic" time="0.0">
    <skipped/>
  </testcase> <!-- pic -->
  <testcase classname="global_logistic.globalistuc_about" name="pic1" time="0.001">
    <skipped/>
  </testcase> <!-- pic1 -->
  <testcase classname="global_logistic.globalistuc_about" name="pic2" time="0.004">
    <skipped/>
  </testcase> <!-- pic2 -->
  <testcase classname="global_logistic.globalistuc_about" name="Scroll" time="0.0">
    <skipped/>
  </testcase> <!-- Scroll -->
  <testcase classname="global_logistic.globalistic_home" name="logo" time="0.0">
    <skipped/>
  </testcase> <!-- logo -->
  <testcase classname="global_logistic.globalistic_home" name="wwa" time="0.0">
    <skipped/>
  </testcase> <!-- wwa -->
  <testcase classname="global_logistic.globalistic_home" name="nav" time="0.001">
    <skipped/>
  </testcase> <!-- nav -->
  <testcase classname="global_logistic.globalistic_home" name="quote" time="0.0">
    <skipped/>
  </testcase> <!-- quote -->
  <testcase classname="global_logistic.globalistic_home" name="FB" time="0.0">
    <skipped/>
  </testcase> <!-- FB -->
  <testcase classname="global_logistic.globalistic_home" name="TW" time="0.0">
    <skipped/>
  </testcase> <!-- TW -->
  <testcase classname="global_logistic.globalistic_home" name="Search" time="0.001">
    <skipped/>
  </testcase> <!-- Search -->
  <testcase classname="global_logistic.globalistic_contact" name="navigate" time="0.001">
    <skipped/>
  </testcase> <!-- navigate -->
  <testcase classname="global_logistic.globalistic_contact" name="contact" time="0.0">
    <skipped/>
  </testcase> <!-- contact -->
  <testcase classname="global_logistic.Homepage" name="username" time="0.0">
    <skipped/>
  </testcase> <!-- username -->
  <testcase classname="global_logistic.Homepage" name="pwd" time="0.001">
    <skipped/>
  </testcase> <!-- pwd -->
  <testcase classname="global_logistic.Homepage" name="login" time="0.0">
    <skipped/>
  </testcase> <!-- login -->
  <testcase classname="global_logistic.globalistic_carrer" name="navigate" time="0.0">
    <skipped/>
  </testcase> <!-- navigate -->
  <testcase classname="global_logistic.globalistic_carrer" name="img1" time="0.0">
    <skipped/>
  </testcase> <!-- img1 -->
  <testcase classname="global_logistic.globalistic_carrer" name="img2" time="0.0">
    <skipped/>
  </testcase> <!-- img2 -->
  <testcase classname="global_logistic.globalistic_carrer" name="img3" time="0.0">
    <skipped/>
  </testcase> <!-- img3 -->
  <testcase classname="global_logistic.globalistic_carrer" name="img4" time="0.001">
    <skipped/>
  </testcase> <!-- img4 -->
  <testcase classname="global_logistic.globalistic_carrer" name="img5" time="0.0">
    <skipped/>
  </testcase> <!-- img5 -->
  <testcase classname="global_logistic.globalistic_carrer" name="img6" time="0.155">
    <skipped/>
  </testcase> <!-- img6 -->
  <testcase classname="global_logistic.globalistic_carrer" name="img7" time="0.0">
    <skipped/>
  </testcase> <!-- img7 -->
</testsuite> <!-- Test -->
