<?xml version="1.0" encoding="UTF-8"?>
<testng-results ignored="0" total="1" passed="1" failed="0" skipped="0">
  <reporter-output>
  </reporter-output>
  <suite started-at="2025-07-08T22:49:03 IST" name="Default suite" finished-at="2025-07-08T22:49:27 IST" duration-ms="24455">
    <groups>
    </groups>
    <test started-at="2025-07-08T22:49:03 IST" name="Default test" finished-at="2025-07-08T22:49:27 IST" duration-ms="24455">
      <class name="Test.Testglobal">
        <test-method is-config="true" signature="setup()[pri:0, instance:Test.Testglobal@3fc2959f]" started-at="2025-07-08T22:49:03 IST" name="setup" finished-at="2025-07-08T22:49:16 IST" duration-ms="12664" status="PASS">
          <reporter-output>
          </reporter-output>
        </test-method> <!-- setup -->
        <test-method signature="Testrun()[pri:0, instance:Test.Testglobal@3fc2959f]" started-at="2025-07-08T22:49:16 IST" name="Testrun" finished-at="2025-07-08T22:49:27 IST" duration-ms="11201" status="PASS">
          <reporter-output>
          </reporter-output>
        </test-method> <!-- Testrun -->
        <test-method is-config="true" signature="close()[pri:0, instance:Test.Testglobal@3fc2959f]" started-at="2025-07-08T22:49:27 IST" name="close" finished-at="2025-07-08T22:49:27 IST" duration-ms="477" status="PASS">
          <reporter-output>
          </reporter-output>
        </test-method> <!-- close -->
      </class> <!-- Test.Testglobal -->
    </test> <!-- Default test -->
  </suite> <!-- Default suite -->
</testng-results>
