<?xml version="1.0" encoding="UTF-8"?>
<testng-results ignored="0" total="30" passed="28" failed="2" skipped="0">
  <reporter-output>
  </reporter-output>
  <suite started-at="2024-12-25T21:44:08 IST" name="Default suite" finished-at="2024-12-25T21:45:10 IST" duration-ms="62428">
    <groups>
    </groups>
    <test started-at="2024-12-25T21:44:08 IST" name="Default test" finished-at="2024-12-25T21:45:10 IST" duration-ms="62428">
      <class name="globallogitic.homepage">
        <test-method is-config="true" signature="n()[pri:0, instance:globallogitic.homepage@1d2bd371]" started-at="2024-12-25T21:44:18 IST" name="n" finished-at="2024-12-25T21:44:18 IST" duration-ms="259" status="PASS">
          <reporter-output>
          </reporter-output>
        </test-method> <!-- n -->
        <test-method signature="who_weare()[pri:1, instance:globallogitic.homepage@1d2bd371]" started-at="2024-12-25T21:44:18 IST" name="who_weare" finished-at="2024-12-25T21:44:21 IST" duration-ms="2699" status="PASS">
          <reporter-output>
          </reporter-output>
        </test-method> <!-- who_weare -->
        <test-method signature="logo()[pri:2, instance:globallogitic.homepage@1d2bd371]" started-at="2024-12-25T21:44:21 IST" name="logo" finished-at="2024-12-25T21:44:22 IST" duration-ms="898" status="PASS">
          <reporter-output>
          </reporter-output>
        </test-method> <!-- logo -->
        <test-method signature="what_wedo()[pri:3, instance:globallogitic.homepage@1d2bd371]" started-at="2024-12-25T21:44:22 IST" name="what_wedo" finished-at="2024-12-25T21:44:23 IST" duration-ms="978" status="PASS">
          <reporter-output>
          </reporter-output>
        </test-method> <!-- what_wedo -->
        <test-method signature="facebook_button()[pri:4, instance:globallogitic.homepage@1d2bd371]" started-at="2024-12-25T21:44:23 IST" name="facebook_button" finished-at="2024-12-25T21:44:25 IST" duration-ms="2218" status="PASS">
          <reporter-output>
          </reporter-output>
        </test-method> <!-- facebook_button -->
        <test-method signature="twitter_button()[pri:5, instance:globallogitic.homepage@1d2bd371]" started-at="2024-12-25T21:44:25 IST" name="twitter_button" finished-at="2024-12-25T21:44:26 IST" duration-ms="1341" status="PASS">
          <reporter-output>
          </reporter-output>
        </test-method> <!-- twitter_button -->
        <test-method signature="land_transportation()[pri:6, instance:globallogitic.homepage@1d2bd371]" started-at="2024-12-25T21:44:26 IST" name="land_transportation" finished-at="2024-12-25T21:44:27 IST" duration-ms="292" status="PASS">
          <reporter-output>
          </reporter-output>
        </test-method> <!-- land_transportation -->
        <test-method signature="Air_Freight()[pri:7, instance:globallogitic.homepage@1d2bd371]" started-at="2024-12-25T21:44:27 IST" name="Air_Freight" finished-at="2024-12-25T21:44:27 IST" duration-ms="601" status="PASS">
          <reporter-output>
          </reporter-output>
        </test-method> <!-- Air_Freight -->
        <test-method signature="Wh_package()[pri:8, instance:globallogitic.homepage@1d2bd371]" started-at="2024-12-25T21:44:27 IST" name="Wh_package" finished-at="2024-12-25T21:44:28 IST" duration-ms="359" status="PASS">
          <reporter-output>
          </reporter-output>
        </test-method> <!-- Wh_package -->
        <test-method signature="Get_aquote()[pri:9, instance:globallogitic.homepage@1d2bd371]" started-at="2024-12-25T21:44:28 IST" name="Get_aquote" finished-at="2024-12-25T21:44:30 IST" duration-ms="2347" status="PASS">
          <reporter-output>
          </reporter-output>
        </test-method> <!-- Get_aquote -->
        <test-method signature="scroll()[pri:10, instance:globallogitic.homepage@1d2bd371]" started-at="2024-12-25T21:44:30 IST" name="scroll" finished-at="2024-12-25T21:44:30 IST" duration-ms="255" status="PASS">
          <reporter-output>
          </reporter-output>
        </test-method> <!-- scroll -->
        <test-method is-config="true" signature="Close()[pri:0, instance:globallogitic.homepage@1d2bd371]" started-at="2024-12-25T21:45:10 IST" name="Close" finished-at="2024-12-25T21:45:10 IST" duration-ms="662" status="PASS">
          <reporter-output>
          </reporter-output>
        </test-method> <!-- Close -->
      </class> <!-- globallogitic.homepage -->
      <class name="globallogitic.Contact">
        <test-method is-config="true" signature="n()[pri:0, instance:globallogitic.Contact@3b2c0e88]" started-at="2024-12-25T21:44:14 IST" name="n" finished-at="2024-12-25T21:44:16 IST" duration-ms="2199" status="PASS">
          <reporter-output>
          </reporter-output>
        </test-method> <!-- n -->
        <test-method signature="contact()[pri:1, instance:globallogitic.Contact@3b2c0e88]" started-at="2024-12-25T21:44:30 IST" name="contact" finished-at="2024-12-25T21:44:35 IST" duration-ms="4694" status="PASS">
          <reporter-output>
          </reporter-output>
        </test-method> <!-- contact -->
        <test-method signature="zoom_in()[pri:2, instance:globallogitic.Contact@3b2c0e88]" started-at="2024-12-25T21:44:35 IST" name="zoom_in" finished-at="2024-12-25T21:44:46 IST" duration-ms="10847" status="FAIL">
          <exception class="org.openqa.selenium.NoSuchElementException">
            <message>
              <![CDATA[no such element: Unable to locate element: {"method":"xpath","selector":"//button[@aria-label="Zoom in"]"}
  (Session info: chrome=131.0.6778.205)
For documentation on this error, please visit: https://www.selenium.dev/documentation/webdriver/troubleshooting/errors#no-such-element-exception
Build info: version: '4.18.1', revision: 'b1d3319b48'
System info: os.name: 'Windows 11', os.arch: 'amd64', os.version: '10.0', java.version: '21.0.5'
Driver info: org.openqa.selenium.chrome.ChromeDriver
Command: [afd8a8196401fda01ba46a11d7dfc49f, findElement {using=xpath, value=//button[@aria-label="Zoom in"]}]
Capabilities {acceptInsecureCerts: false, browserName: chrome, browserVersion: 131.0.6778.205, chrome: {chromedriverVersion: 131.0.6778.204 (52183f9e99a..., userDataDir: C:\Users\dell\AppData\Local...}, fedcm:accounts: true, goog:chromeOptions: {debuggerAddress: localhost:55769}, networkConnectionEnabled: false, pageLoadStrategy: normal, platformName: windows, proxy: Proxy(), se:cdp: ws://localhost:55769/devtoo..., se:cdpVersion: 131.0.6778.205, setWindowRect: true, strictFileInteractability: false, timeouts: {implicit: 0, pageLoad: 300000, script: 30000}, unhandledPromptBehavior: dismiss and notify, webauthn:extension:credBlob: true, webauthn:extension:largeBlob: true, webauthn:extension:minPinLength: true, webauthn:extension:prf: true, webauthn:virtualAuthenticators: true}
Session ID: afd8a8196401fda01ba46a11d7dfc49f]]>
            </message>
            <full-stacktrace>
              <![CDATA[org.openqa.selenium.NoSuchElementException: no such element: Unable to locate element: {"method":"xpath","selector":"//button[@aria-label="Zoom in"]"}
  (Session info: chrome=131.0.6778.205)
For documentation on this error, please visit: https://www.selenium.dev/documentation/webdriver/troubleshooting/errors#no-such-element-exception
Build info: version: '4.18.1', revision: 'b1d3319b48'
System info: os.name: 'Windows 11', os.arch: 'amd64', os.version: '10.0', java.version: '21.0.5'
Driver info: org.openqa.selenium.chrome.ChromeDriver
Command: [afd8a8196401fda01ba46a11d7dfc49f, findElement {using=xpath, value=//button[@aria-label="Zoom in"]}]
Capabilities {acceptInsecureCerts: false, browserName: chrome, browserVersion: 131.0.6778.205, chrome: {chromedriverVersion: 131.0.6778.204 (52183f9e99a..., userDataDir: C:\Users\dell\AppData\Local...}, fedcm:accounts: true, goog:chromeOptions: {debuggerAddress: localhost:55769}, networkConnectionEnabled: false, pageLoadStrategy: normal, platformName: windows, proxy: Proxy(), se:cdp: ws://localhost:55769/devtoo..., se:cdpVersion: 131.0.6778.205, setWindowRect: true, strictFileInteractability: false, timeouts: {implicit: 0, pageLoad: 300000, script: 30000}, unhandledPromptBehavior: dismiss and notify, webauthn:extension:credBlob: true, webauthn:extension:largeBlob: true, webauthn:extension:minPinLength: true, webauthn:extension:prf: true, webauthn:virtualAuthenticators: true}
Session ID: afd8a8196401fda01ba46a11d7dfc49f
at java.base/jdk.internal.reflect.DirectConstructorHandleAccessor.newInstance(DirectConstructorHandleAccessor.java:62)
at java.base/java.lang.reflect.Constructor.newInstanceWithCaller(Constructor.java:502)
at java.base/java.lang.reflect.Constructor.newInstance(Constructor.java:486)
at org.openqa.selenium.remote.ErrorCodec.decode(ErrorCodec.java:167)
at org.openqa.selenium.remote.codec.w3c.W3CHttpResponseCodec.decode(W3CHttpResponseCodec.java:138)
at org.openqa.selenium.remote.codec.w3c.W3CHttpResponseCodec.decode(W3CHttpResponseCodec.java:50)
at org.openqa.selenium.remote.HttpCommandExecutor.execute(HttpCommandExecutor.java:190)
at org.openqa.selenium.remote.service.DriverCommandExecutor.invokeExecute(DriverCommandExecutor.java:216)
at org.openqa.selenium.remote.service.DriverCommandExecutor.execute(DriverCommandExecutor.java:174)
at org.openqa.selenium.remote.RemoteWebDriver.execute(RemoteWebDriver.java:519)
at org.openqa.selenium.remote.ElementLocation$ElementFinder$2.findElement(ElementLocation.java:165)
at org.openqa.selenium.remote.ElementLocation.findElement(ElementLocation.java:59)
at org.openqa.selenium.remote.RemoteWebDriver.findElement(RemoteWebDriver.java:356)
at org.openqa.selenium.remote.RemoteWebDriver.findElement(RemoteWebDriver.java:350)
at globallogitic.Contact.zoom_in(Contact.java:32)
at java.base/jdk.internal.reflect.DirectMethodHandleAccessor.invoke(DirectMethodHandleAccessor.java:103)
at java.base/java.lang.reflect.Method.invoke(Method.java:580)
at org.testng.internal.MethodInvocationHelper.invokeMethod(MethodInvocationHelper.java:133)
at org.testng.internal.TestInvoker.invokeMethod(TestInvoker.java:598)
at org.testng.internal.TestInvoker.invokeTestMethod(TestInvoker.java:173)
at org.testng.internal.MethodRunner.runInSequence(MethodRunner.java:46)
at org.testng.internal.TestInvoker$MethodInvocationAgent.invoke(TestInvoker.java:824)
at org.testng.internal.TestInvoker.invokeTestMethods(TestInvoker.java:146)
at org.testng.internal.TestMethodWorker.invokeTestMethods(TestMethodWorker.java:146)
at org.testng.internal.TestMethodWorker.run(TestMethodWorker.java:128)
at java.base/java.util.ArrayList.forEach(ArrayList.java:1596)
at org.testng.TestRunner.privateRun(TestRunner.java:794)
at org.testng.TestRunner.run(TestRunner.java:596)
at org.testng.SuiteRunner.runTest(SuiteRunner.java:377)
at org.testng.SuiteRunner.runSequentially(SuiteRunner.java:371)
at org.testng.SuiteRunner.privateRun(SuiteRunner.java:332)
at org.testng.SuiteRunner.run(SuiteRunner.java:276)
at org.testng.SuiteRunnerWorker.runSuite(SuiteRunnerWorker.java:53)
at org.testng.SuiteRunnerWorker.run(SuiteRunnerWorker.java:96)
at org.testng.TestNG.runSuitesSequentially(TestNG.java:1212)
at org.testng.TestNG.runSuitesLocally(TestNG.java:1134)
at org.testng.TestNG.runSuites(TestNG.java:1063)
at org.testng.TestNG.run(TestNG.java:1031)
at org.testng.remote.AbstractRemoteTestNG.run(AbstractRemoteTestNG.java:115)
at org.testng.remote.RemoteTestNG.initAndRun(RemoteTestNG.java:293)
at org.testng.remote.RemoteTestNG.main(RemoteTestNG.java:91)
]]>
            </full-stacktrace>
          </exception> <!-- org.openqa.selenium.NoSuchElementException -->
          <reporter-output>
          </reporter-output>
        </test-method> <!-- zoom_in -->
        <test-method signature="name()[pri:3, instance:globallogitic.Contact@3b2c0e88]" started-at="2024-12-25T21:44:46 IST" name="name" finished-at="2024-12-25T21:44:47 IST" duration-ms="1310" status="PASS">
          <reporter-output>
          </reporter-output>
        </test-method> <!-- name -->
        <test-method signature="email()[pri:4, instance:globallogitic.Contact@3b2c0e88]" started-at="2024-12-25T21:44:47 IST" name="email" finished-at="2024-12-25T21:44:48 IST" duration-ms="627" status="PASS">
          <reporter-output>
          </reporter-output>
        </test-method> <!-- email -->
        <test-method signature="number()[pri:5, instance:globallogitic.Contact@3b2c0e88]" started-at="2024-12-25T21:44:48 IST" name="number" finished-at="2024-12-25T21:44:48 IST" duration-ms="303" status="PASS">
          <reporter-output>
          </reporter-output>
        </test-method> <!-- number -->
        <test-method signature="subject()[pri:6, instance:globallogitic.Contact@3b2c0e88]" started-at="2024-12-25T21:44:48 IST" name="subject" finished-at="2024-12-25T21:44:48 IST" duration-ms="281" status="PASS">
          <reporter-output>
          </reporter-output>
        </test-method> <!-- subject -->
        <test-method signature="msz()[pri:7, instance:globallogitic.Contact@3b2c0e88]" started-at="2024-12-25T21:44:48 IST" name="msz" finished-at="2024-12-25T21:44:49 IST" duration-ms="365" status="PASS">
          <reporter-output>
          </reporter-output>
        </test-method> <!-- msz -->
        <test-method signature="submit()[pri:8, instance:globallogitic.Contact@3b2c0e88]" started-at="2024-12-25T21:44:49 IST" name="submit" finished-at="2024-12-25T21:44:51 IST" duration-ms="2085" status="PASS">
          <reporter-output>
          </reporter-output>
        </test-method> <!-- submit -->
        <test-method signature="go_number()[pri:9, instance:globallogitic.Contact@3b2c0e88]" started-at="2024-12-25T21:44:51 IST" name="go_number" finished-at="2024-12-25T21:44:52 IST" duration-ms="655" status="PASS">
          <reporter-output>
          </reporter-output>
        </test-method> <!-- go_number -->
        <test-method is-config="true" signature="Close()[pri:0, instance:globallogitic.Contact@3b2c0e88]" started-at="2024-12-25T21:45:08 IST" name="Close" finished-at="2024-12-25T21:45:09 IST" duration-ms="629" status="PASS">
          <reporter-output>
          </reporter-output>
        </test-method> <!-- Close -->
      </class> <!-- globallogitic.Contact -->
      <class name="globallogitic.Services">
        <test-method is-config="true" signature="navigate()[pri:0, instance:globallogitic.Services@3a94964]" started-at="2024-12-25T21:44:16 IST" name="navigate" finished-at="2024-12-25T21:44:18 IST" duration-ms="2019" status="PASS">
          <reporter-output>
          </reporter-output>
        </test-method> <!-- navigate -->
        <test-method signature="services()[pri:1, instance:globallogitic.Services@3a94964]" started-at="2024-12-25T21:44:54 IST" name="services" finished-at="2024-12-25T21:44:55 IST" duration-ms="974" status="PASS">
          <reporter-output>
          </reporter-output>
        </test-method> <!-- services -->
        <test-method signature="International_freight()[pri:2, instance:globallogitic.Services@3a94964]" started-at="2024-12-25T21:44:55 IST" name="International_freight" finished-at="2024-12-25T21:44:56 IST" duration-ms="519" status="PASS">
          <reporter-output>
          </reporter-output>
        </test-method> <!-- International_freight -->
        <test-method signature="Air_freight()[pri:3, instance:globallogitic.Services@3a94964]" started-at="2024-12-25T21:44:56 IST" name="Air_freight" finished-at="2024-12-25T21:45:06 IST" duration-ms="10151" status="FAIL">
          <exception class="org.openqa.selenium.NoSuchElementException">
            <message>
              <![CDATA[no such element: Unable to locate element: {"method":"xpath","selector":"//div[contains(@class,'flex_column av_one_half av-animated-generic bottom-to-top flex_column_div av-zero-column-padding avia-builder-el-7 el_after_av_one_half el_before_av_one_half avia_start_animation avia_start_delayed_animation')]//span[contains(@class,'image-overlay overlay-type-extern')]"}
  (Session info: chrome=131.0.6778.205)
For documentation on this error, please visit: https://www.selenium.dev/documentation/webdriver/troubleshooting/errors#no-such-element-exception
Build info: version: '4.18.1', revision: 'b1d3319b48'
System info: os.name: 'Windows 11', os.arch: 'amd64', os.version: '10.0', java.version: '21.0.5'
Driver info: org.openqa.selenium.chrome.ChromeDriver
Command: [7660f3664057326680e64c1092d1ba18, findElement {using=xpath, value=//div[contains(@class,'flex_column av_one_half av-animated-generic bottom-to-top flex_column_div av-zero-column-padding avia-builder-el-7 el_after_av_one_half el_before_av_one_half avia_start_animation avia_start_delayed_animation')]//span[contains(@class,'image-overlay overlay-type-extern')]}]
Capabilities {acceptInsecureCerts: false, browserName: chrome, browserVersion: 131.0.6778.205, chrome: {chromedriverVersion: 131.0.6778.204 (52183f9e99a..., userDataDir: C:\Users\dell\AppData\Local...}, fedcm:accounts: true, goog:chromeOptions: {debuggerAddress: localhost:55798}, networkConnectionEnabled: false, pageLoadStrategy: normal, platformName: windows, proxy: Proxy(), se:cdp: ws://localhost:55798/devtoo..., se:cdpVersion: 131.0.6778.205, setWindowRect: true, strictFileInteractability: false, timeouts: {implicit: 0, pageLoad: 300000, script: 30000}, unhandledPromptBehavior: dismiss and notify, webauthn:extension:credBlob: true, webauthn:extension:largeBlob: true, webauthn:extension:minPinLength: true, webauthn:extension:prf: true, webauthn:virtualAuthenticators: true}
Session ID: 7660f3664057326680e64c1092d1ba18]]>
            </message>
            <full-stacktrace>
              <![CDATA[org.openqa.selenium.NoSuchElementException: no such element: Unable to locate element: {"method":"xpath","selector":"//div[contains(@class,'flex_column av_one_half av-animated-generic bottom-to-top flex_column_div av-zero-column-padding avia-builder-el-7 el_after_av_one_half el_before_av_one_half avia_start_animation avia_start_delayed_animation')]//span[contains(@class,'image-overlay overlay-type-extern')]"}
  (Session info: chrome=131.0.6778.205)
For documentation on this error, please visit: https://www.selenium.dev/documentation/webdriver/troubleshooting/errors#no-such-element-exception
Build info: version: '4.18.1', revision: 'b1d3319b48'
System info: os.name: 'Windows 11', os.arch: 'amd64', os.version: '10.0', java.version: '21.0.5'
Driver info: org.openqa.selenium.chrome.ChromeDriver
Command: [7660f3664057326680e64c1092d1ba18, findElement {using=xpath, value=//div[contains(@class,'flex_column av_one_half av-animated-generic bottom-to-top flex_column_div av-zero-column-padding avia-builder-el-7 el_after_av_one_half el_before_av_one_half avia_start_animation avia_start_delayed_animation')]//span[contains(@class,'image-overlay overlay-type-extern')]}]
Capabilities {acceptInsecureCerts: false, browserName: chrome, browserVersion: 131.0.6778.205, chrome: {chromedriverVersion: 131.0.6778.204 (52183f9e99a..., userDataDir: C:\Users\dell\AppData\Local...}, fedcm:accounts: true, goog:chromeOptions: {debuggerAddress: localhost:55798}, networkConnectionEnabled: false, pageLoadStrategy: normal, platformName: windows, proxy: Proxy(), se:cdp: ws://localhost:55798/devtoo..., se:cdpVersion: 131.0.6778.205, setWindowRect: true, strictFileInteractability: false, timeouts: {implicit: 0, pageLoad: 300000, script: 30000}, unhandledPromptBehavior: dismiss and notify, webauthn:extension:credBlob: true, webauthn:extension:largeBlob: true, webauthn:extension:minPinLength: true, webauthn:extension:prf: true, webauthn:virtualAuthenticators: true}
Session ID: 7660f3664057326680e64c1092d1ba18
at java.base/jdk.internal.reflect.DirectConstructorHandleAccessor.newInstance(DirectConstructorHandleAccessor.java:62)
at java.base/java.lang.reflect.Constructor.newInstanceWithCaller(Constructor.java:502)
at java.base/java.lang.reflect.Constructor.newInstance(Constructor.java:486)
at org.openqa.selenium.remote.ErrorCodec.decode(ErrorCodec.java:167)
at org.openqa.selenium.remote.codec.w3c.W3CHttpResponseCodec.decode(W3CHttpResponseCodec.java:138)
at org.openqa.selenium.remote.codec.w3c.W3CHttpResponseCodec.decode(W3CHttpResponseCodec.java:50)
at org.openqa.selenium.remote.HttpCommandExecutor.execute(HttpCommandExecutor.java:190)
at org.openqa.selenium.remote.service.DriverCommandExecutor.invokeExecute(DriverCommandExecutor.java:216)
at org.openqa.selenium.remote.service.DriverCommandExecutor.execute(DriverCommandExecutor.java:174)
at org.openqa.selenium.remote.RemoteWebDriver.execute(RemoteWebDriver.java:519)
at org.openqa.selenium.remote.ElementLocation$ElementFinder$2.findElement(ElementLocation.java:165)
at org.openqa.selenium.remote.ElementLocation.findElement(ElementLocation.java:59)
at org.openqa.selenium.remote.RemoteWebDriver.findElement(RemoteWebDriver.java:356)
at org.openqa.selenium.remote.RemoteWebDriver.findElement(RemoteWebDriver.java:350)
at globallogitic.Services.Air_freight(Services.java:39)
at java.base/jdk.internal.reflect.DirectMethodHandleAccessor.invoke(DirectMethodHandleAccessor.java:103)
at java.base/java.lang.reflect.Method.invoke(Method.java:580)
at org.testng.internal.MethodInvocationHelper.invokeMethod(MethodInvocationHelper.java:133)
at org.testng.internal.TestInvoker.invokeMethod(TestInvoker.java:598)
at org.testng.internal.TestInvoker.invokeTestMethod(TestInvoker.java:173)
at org.testng.internal.MethodRunner.runInSequence(MethodRunner.java:46)
at org.testng.internal.TestInvoker$MethodInvocationAgent.invoke(TestInvoker.java:824)
at org.testng.internal.TestInvoker.invokeTestMethods(TestInvoker.java:146)
at org.testng.internal.TestMethodWorker.invokeTestMethods(TestMethodWorker.java:146)
at org.testng.internal.TestMethodWorker.run(TestMethodWorker.java:128)
at java.base/java.util.ArrayList.forEach(ArrayList.java:1596)
at org.testng.TestRunner.privateRun(TestRunner.java:794)
at org.testng.TestRunner.run(TestRunner.java:596)
at org.testng.SuiteRunner.runTest(SuiteRunner.java:377)
at org.testng.SuiteRunner.runSequentially(SuiteRunner.java:371)
at org.testng.SuiteRunner.privateRun(SuiteRunner.java:332)
at org.testng.SuiteRunner.run(SuiteRunner.java:276)
at org.testng.SuiteRunnerWorker.runSuite(SuiteRunnerWorker.java:53)
at org.testng.SuiteRunnerWorker.run(SuiteRunnerWorker.java:96)
at org.testng.TestNG.runSuitesSequentially(TestNG.java:1212)
at org.testng.TestNG.runSuitesLocally(TestNG.java:1134)
at org.testng.TestNG.runSuites(TestNG.java:1063)
at org.testng.TestNG.run(TestNG.java:1031)
at org.testng.remote.AbstractRemoteTestNG.run(AbstractRemoteTestNG.java:115)
at org.testng.remote.RemoteTestNG.initAndRun(RemoteTestNG.java:293)
at org.testng.remote.RemoteTestNG.main(RemoteTestNG.java:91)
]]>
            </full-stacktrace>
          </exception> <!-- org.openqa.selenium.NoSuchElementException -->
          <reporter-output>
          </reporter-output>
        </test-method> <!-- Air_freight -->
        <test-method is-config="true" signature="Close()[pri:0, instance:globallogitic.Services@3a94964]" started-at="2024-12-25T21:45:09 IST" name="Close" finished-at="2024-12-25T21:45:10 IST" duration-ms="794" status="PASS">
          <reporter-output>
          </reporter-output>
        </test-method> <!-- Close -->
      </class> <!-- globallogitic.Services -->
      <class name="globallogitic.About">
        <test-method is-config="true" signature="n()[pri:0, instance:globallogitic.About@361c294e]" started-at="2024-12-25T21:44:08 IST" name="n" finished-at="2024-12-25T21:44:10 IST" duration-ms="1894" status="PASS">
          <reporter-output>
          </reporter-output>
        </test-method> <!-- n -->
        <test-method signature="about()[pri:1, instance:globallogitic.About@361c294e]" started-at="2024-12-25T21:45:06 IST" name="about" finished-at="2024-12-25T21:45:07 IST" duration-ms="905" status="PASS">
          <reporter-output>
          </reporter-output>
        </test-method> <!-- about -->
        <test-method is-config="true" signature="Close()[pri:0, instance:globallogitic.About@361c294e]" started-at="2024-12-25T21:45:07 IST" name="Close" finished-at="2024-12-25T21:45:08 IST" duration-ms="718" status="PASS">
          <reporter-output>
          </reporter-output>
        </test-method> <!-- Close -->
      </class> <!-- globallogitic.About -->
      <class name="globallogitic.Careers">
        <test-method is-config="true" signature="n()[pri:0, instance:globallogitic.Careers@1dd0e7c4]" started-at="2024-12-25T21:44:10 IST" name="n" finished-at="2024-12-25T21:44:14 IST" duration-ms="3767" status="PASS">
          <reporter-output>
          </reporter-output>
        </test-method> <!-- n -->
        <test-method signature="careers()[pri:1, instance:globallogitic.Careers@1dd0e7c4]" started-at="2024-12-25T21:44:52 IST" name="careers" finished-at="2024-12-25T21:44:52 IST" duration-ms="768" status="PASS">
          <reporter-output>
          </reporter-output>
        </test-method> <!-- careers -->
        <test-method signature="your_name()[pri:2, instance:globallogitic.Careers@1dd0e7c4]" started-at="2024-12-25T21:44:52 IST" name="your_name" finished-at="2024-12-25T21:44:53 IST" duration-ms="262" status="PASS">
          <reporter-output>
          </reporter-output>
        </test-method> <!-- your_name -->
        <test-method signature="mail_id()[pri:3, instance:globallogitic.Careers@1dd0e7c4]" started-at="2024-12-25T21:44:53 IST" name="mail_id" finished-at="2024-12-25T21:44:53 IST" duration-ms="259" status="PASS">
          <reporter-output>
          </reporter-output>
        </test-method> <!-- mail_id -->
        <test-method signature="contact_n()[pri:4, instance:globallogitic.Careers@1dd0e7c4]" started-at="2024-12-25T21:44:53 IST" name="contact_n" finished-at="2024-12-25T21:44:53 IST" duration-ms="161" status="PASS">
          <reporter-output>
          </reporter-output>
        </test-method> <!-- contact_n -->
        <test-method signature="subject()[pri:5, instance:globallogitic.Careers@1dd0e7c4]" started-at="2024-12-25T21:44:53 IST" name="subject" finished-at="2024-12-25T21:44:53 IST" duration-ms="213" status="PASS">
          <reporter-output>
          </reporter-output>
        </test-method> <!-- subject -->
        <test-method signature="your_msz()[pri:6, instance:globallogitic.Careers@1dd0e7c4]" started-at="2024-12-25T21:44:53 IST" name="your_msz" finished-at="2024-12-25T21:44:54 IST" duration-ms="384" status="PASS">
          <reporter-output>
          </reporter-output>
        </test-method> <!-- your_msz -->
        <test-method signature="send()[pri:7, instance:globallogitic.Careers@1dd0e7c4]" started-at="2024-12-25T21:44:54 IST" name="send" finished-at="2024-12-25T21:44:54 IST" duration-ms="685" status="PASS">
          <reporter-output>
          </reporter-output>
        </test-method> <!-- send -->
        <test-method is-config="true" signature="Close()[pri:0, instance:globallogitic.Careers@1dd0e7c4]" started-at="2024-12-25T21:45:08 IST" name="Close" finished-at="2024-12-25T21:45:08 IST" duration-ms="724" status="PASS">
          <reporter-output>
          </reporter-output>
        </test-method> <!-- Close -->
      </class> <!-- globallogitic.Careers -->
    </test> <!-- Default test -->
  </suite> <!-- Default suite -->
</testng-results>
